(node:47024) [DEP0205] DeprecationWarning: `module.register()` is deprecated. Use `module.registerHooks()` instead.
(Use `node --trace-deprecation ...` to show where the warning was created)
file:///E:/Self%20Built%20Web%20and%20Mobile%20Apps/Space%20Analyzer/node_modules/rolldown/dist/shared/error-DL-e8-oE.mjs:48
	const wrapper = new Error(summary);
	                ^

Error: [31mError during dependency optimization:

[39mBuild failed with 6 errors:

[31m[MISSING_EXPORT] Error:[0m "debug" is not exported by "node_modules/@sentry/core/esm/index.js".
   [38;5;246m╭[0m[38;5;246m─[0m[38;5;246m[[0m node_modules/@sentry/vue/build/esm/tracing.js:2:10 [38;5;246m][0m
   [38;5;246m│[0m
 [38;5;246m2 │[0m [38;5;249mi[0m[38;5;249mm[0m[38;5;249mp[0m[38;5;249mo[0m[38;5;249mr[0m[38;5;249mt[0m[38;5;249m [0m[38;5;249m{[0m[38;5;249m [0mdebug[38;5;249m,[0m[38;5;249m [0m[38;5;249mt[0m[38;5;249mi[0m[38;5;249mm[0m[38;5;249me[0m[38;5;249ms[0m[38;5;249mt[0m[38;5;249ma[0m[38;5;249mm[0m[38;5;249mp[0m[38;5;249mI[0m[38;5;249mn[0m[38;5;249mS[0m[38;5;249me[0m[38;5;249mc[0m[38;5;249mo[0m[38;5;249mn[0m[38;5;249md[0m[38;5;249ms[0m[38;5;249m [0m[38;5;249m}[0m[38;5;249m [0m[38;5;249mf[0m[38;5;249mr[0m[38;5;249mo[0m[38;5;249mm[0m[38;5;249m [0m[38;5;249m'[0m[38;5;249m@[0m[38;5;249ms[0m[38;5;249me[0m[38;5;249mn[0m[38;5;249mt[0m[38;5;249mr[0m[38;5;249my[0m[38;5;249m/[0m[38;5;249mc[0m[38;5;249mo[0m[38;5;249mr[0m[38;5;249me[0m[38;5;249m'[0m[38;5;249m;[0m
 [38;5;240m  │[0m          ──┬──  
 [38;5;240m  │[0m            ╰──── Missing export
[38;5;246m───╯[0m

[31m[MISSING_EXPORT] Error:[0m "timestampInSeconds" is not exported by "node_modules/@sentry/core/esm/index.js".
   [38;5;246m╭[0m[38;5;246m─[0m[38;5;246m[[0m node_modules/@sentry/vue/build/esm/tracing.js:2:17 [38;5;246m][0m
   [38;5;246m│[0m
 [38;5;246m2 │[0m [38;5;249mi[0m[38;5;249mm[0m[38;5;249mp[0m[38;5;249mo[0m[38;5;249mr[0m[38;5;249mt[0m[38;5;249m [0m[38;5;249m{[0m[38;5;249m [0m[38;5;249md[0m[38;5;249me[0m[38;5;249mb[0m[38;5;249mu[0m[38;5;249mg[0m[38;5;249m,[0m[38;5;249m [0mtimestampInSeconds[38;5;249m [0m[38;5;249m}[0m[38;5;249m [0m[38;5;249mf[0m[38;5;249mr[0m[38;5;249mo[0m[38;5;249mm[0m[38;5;249m [0m[38;5;249m'[0m[38;5;249m@[0m[38;5;249ms[0m[38;5;249me[0m[38;5;249mn[0m[38;5;249mt[0m[38;5;249mr[0m[38;5;249my[0m[38;5;249m/[0m[38;5;249mc[0m[38;5;249mo[0m[38;5;249mr[0m[38;5;249me[0m[38;5;249m'[0m[38;5;249m;[0m
 [38;5;240m  │[0m                 ─────────┬────────  
 [38;5;240m  │[0m                          ╰────────── Missing export
[38;5;246m───╯[0m

[31m[MISSING_EXPORT] Error:[0m "GLOBAL_OBJ" is not exported by "node_modules/@sentry/core/esm/index.js".
   [38;5;246m╭[0m[38;5;246m─[0m[38;5;246m[[0m node_modules/@sentry/vue/build/esm/integration.js:1:10 [38;5;246m][0m
   [38;5;246m│[0m
 [38;5;246m1 │[0m [38;5;249mi[0m[38;5;249mm[0m[38;5;249mp[0m[38;5;249mo[0m[38;5;249mr[0m[38;5;249mt[0m[38;5;249m [0m[38;5;249m{[0m[38;5;249m [0mGLOBAL_OBJ[38;5;249m,[0m[38;5;249m [0m[38;5;249md[0m[38;5;249me[0m[38;5;249mf[0m[38;5;249mi[0m[38;5;249mn[0m[38;5;249me[0m[38;5;249mI[0m[38;5;249mn[0m[38;5;249mt[0m[38;5;249me[0m[38;5;249mg[0m[38;5;249mr[0m[38;5;249ma[0m[38;5;249mt[0m[38;5;249mi[0m[38;5;249mo[0m[38;5;249mn[0m[38;5;249m,[0m[38;5;249m [0m[38;5;249mc[0m[38;5;249mo[0m[38;5;249mn[0m[38;5;249ms[0m[38;5;249mo[0m[38;5;249ml[0m[38;5;249me[0m[38;5;249mS[0m[38;5;249ma[0m[38;5;249mn[0m[38;5;249md[0m[38;5;249mb[0m[38;5;249mo[0m[38;5;249mx[0m[38;5;249m,[0m[38;5;249m [0m[38;5;249mh[0m[38;5;249ma[0m[38;5;249ms[0m[38;5;249mS[0m[38;5;249mp[0m[38;5;249ma[0m[38;5;249mn[0m[38;5;249ms[0m[38;5;249mE[0m[38;5;249mn[0m[38;5;249ma[0m[38;5;249mb[0m[38;5;249ml[0m[38;5;249me[0m[38;5;249md[0m[38;5;249m [0m[38;5;249m}[0m[38;5;249m [0m[38;5;249mf[0m[38;5;249mr[0m[38;5;249mo[0m[38;5;249mm[0m[38;5;249m [0m[38;5;249m'[0m[38;5;249m@[0m[38;5;249ms[0m[38;5;249me[0m[38;5;249mn[0m[38;5;249mt[0m[38;5;249mr[0m[38;5;249my[0m[38;5;249m/[0m[38;5;249mc[0m[38;5;249mo[0m[38;5;249mr[0m[38;5;249me[0m[38;5;249m'[0m[38;5;249m;[0m
 [38;5;240m  │[0m          ─────┬────  
 [38;5;240m  │[0m               ╰────── Missing export
[38;5;246m───╯[0m

[31m[MISSING_EXPORT] Error:[0m "consoleSandbox" is not exported by "node_modules/@sentry/core/esm/index.js".
   [38;5;246m╭[0m[38;5;246m─[0m[38;5;246m[[0m node_modules/@sentry/vue/build/esm/integration.js:1:41 [38;5;246m][0m
   [38;5;246m│[0m
 [38;5;246m1 │[0m [38;5;249mi[0m[38;5;249mm[0m[38;5;249mp[0m[38;5;249mo[0m[38;5;249mr[0m[38;5;249mt[0m[38;5;249m [0m[38;5;249m{[0m[38;5;249m [0m[38;5;249mG[0m[38;5;249mL[0m[38;5;249mO[0m[38;5;249mB[0m[38;5;249mA[0m[38;5;249mL[0m[38;5;249m_[0m[38;5;249mO[0m[38;5;249mB[0m[38;5;249mJ[0m[38;5;249m,[0m[38;5;249m [0m[38;5;249md[0m[38;5;249me[0m[38;5;249mf[0m[38;5;249mi[0m[38;5;249mn[0m[38;5;249me[0m[38;5;249mI[0m[38;5;249mn[0m[38;5;249mt[0m[38;5;249me[0m[38;5;249mg[0m[38;5;249mr[0m[38;5;249ma[0m[38;5;249mt[0m[38;5;249mi[0m[38;5;249mo[0m[38;5;249mn[0m[38;5;249m,[0m[38;5;249m [0mconsoleSandbox[38;5;249m,[0m[38;5;249m [0m[38;5;249mh[0m[38;5;249ma[0m[38;5;249ms[0m[38;5;249mS[0m[38;5;249mp[0m[38;5;249ma[0m[38;5;249mn[0m[38;5;249ms[0m[38;5;249mE[0m[38;5;249mn[0m[38;5;249ma[0m[38;5;249mb[0m[38;5;249ml[0m[38;5;249me[0m[38;5;249md[0m[38;5;249m [0m[38;5;249m}[0m[38;5;249m [0m[38;5;249mf[0m[38;5;249mr[0m[38;5;249mo[0m[38;5;249mm[0m[38;5;249m [0m[38;5;249m'[0m[38;5;249m@[0m[38;5;249ms[0m[38;5;249me[0m[38;5;249mn[0m[38;5;249mt[0m[38;5;249mr[0m[38;5;249my[0m[38;5;249m/[0m[38;5;249mc[0m[38;5;249mo[0m[38;5;249mr[0m[38;5;249me[0m[38;5;249m'[0m[38;5;249m;[0m
 [38;5;240m  │[0m                                         ───────┬──────  
 [38;5;240m  │[0m                                                ╰──────── Missing export
[38;5;246m───╯[0m

[31m[MISSING_EXPORT] Error:[0m "hasSpansEnabled" is not exported by "node_modules/@sentry/core/esm/index.js".
   [38;5;246m╭[0m[38;5;246m─[0m[38;5;246m[[0m node_modules/@sentry/vue/build/esm/integration.js:1:57 [38;5;246m][0m
   [38;5;246m│[0m
 [38;5;246m1 │[0m [38;5;249mi[0m[38;5;249mm[0m[38;5;249mp[0m[38;5;249mo[0m[38;5;249mr[0m[38;5;249mt[0m[38;5;249m [0m[38;5;249m{[0m[38;5;249m [0m[38;5;249mG[0m[38;5;249mL[0m[38;5;249mO[0m[38;5;249mB[0m[38;5;249mA[0m[38;5;249mL[0m[38;5;249m_[0m[38;5;249mO[0m[38;5;249mB[0m[38;5;249mJ[0m[38;5;249m,[0m[38;5;249m [0m[38;5;249md[0m[38;5;249me[0m[38;5;249mf[0m[38;5;249mi[0m[38;5;249mn[0m[38;5;249me[0m[38;5;249mI[0m[38;5;249mn[0m[38;5;249mt[0m[38;5;249me[0m[38;5;249mg[0m[38;5;249mr[0m[38;5;249ma[0m[38;5;249mt[0m[38;5;249mi[0m[38;5;249mo[0m[38;5;249mn[0m[38;5;249m,[0m[38;5;249m [0m[38;5;249mc[0m[38;5;249mo[0m[38;5;249mn[0m[38;5;249ms[0m[38;5;249mo[0m[38;5;249ml[0m[38;5;249me[0m[38;5;249mS[0m[38;5;249ma[0m[38;5;249mn[0m[38;5;249md[0m[38;5;249mb[0m[38;5;249mo[0m[38;5;249mx[0m[38;5;249m,[0m[38;5;249m [0mhasSpansEnabled[38;5;249m [0m[38;5;249m}[0m[38;5;249m [0m[38;5;249mf[0m[38;5;249mr[0m[38;5;249mo[0m[38;5;249mm[0m[38;5;249m [0m[38;5;249m'[0m[38;5;249m@[0m[38;5;249ms[0m[38;5;249me[0m[38;5;249mn[0m[38;5;249mt[0m[38;5;249mr[0m[38;5;249my[0m[38;5;249m/[0m[38;5;249mc[0m[38;5;249mo[0m[38;5;249mr[0m[38;5;249me[0m[38;5;249m'[0m[38;5;249m;[0m
 [38;5;240m  │[0m                                                         ───────┬───────  
 [38;5;240m  │[0m                                                                ╰───────── Missing export
[38;5;246m───╯[0m

...
    at aggregateBindingErrorsIntoJsError (file:///E:/Self%20Built%20Web%20and%20Mobile%20Apps/Space%20Analyzer/node_modules/rolldown/dist/shared/error-DL-e8-oE.mjs:48:18)
    at unwrapBindingResult (file:///E:/Self%20Built%20Web%20and%20Mobile%20Apps/Space%20Analyzer/node_modules/rolldown/dist/shared/error-DL-e8-oE.mjs:18:128)
    at #build (file:///E:/Self%20Built%20Web%20and%20Mobile%20Apps/Space%20Analyzer/node_modules/rolldown/dist/shared/rolldown-build-DSxL8qiP.mjs:3317:34)
    at async Object.build (file:///E:/Self%20Built%20Web%20and%20Mobile%20Apps/Space%20Analyzer/node_modules/vite/dist/node/chunks/node.js:31617:18) {
  errors: [Getter/Setter]
}

Node.js v26.0.0
